2024-11-12_22-29-58 [restartedMain] INFO  c.c.a.AuthorizationMicroserviceApplication - Starting AuthorizationMicroserviceApplication using Java 1.8.0_421 on DESKTOP-MNR454M with PID 15596 (C:\Users\ASUS\Downloads\policy-management--main\policy-management--main\Authorization-Microservice\target\classes started by ASUS in C:\Users\ASUS\Downloads\policy-management--main\policy-management--main\Authorization-Microservice)
2024-11-12_22-29-58 [restartedMain] INFO  c.c.a.AuthorizationMicroserviceApplication - No active profile set, falling back to default profiles: default
2024-11-12_22-29-58 [restartedMain] INFO  o.s.b.d.e.DevToolsPropertyDefaultsPostProcessor - Devtools property defaults active! Set 'spring.devtools.add-properties' to 'false' to disable
2024-11-12_22-29-58 [restartedMain] INFO  o.s.b.d.e.DevToolsPropertyDefaultsPostProcessor - For additional web related logging consider setting the 'logging.level.web' property to 'DEBUG'
2024-11-12_22-29-58 [restartedMain] INFO  o.s.d.r.c.RepositoryConfigurationDelegate - Bootstrapping Spring Data JPA repositories in DEFAULT mode.
2024-11-12_22-29-58 [restartedMain] INFO  o.s.d.r.c.RepositoryConfigurationDelegate - Finished Spring Data repository scanning in 61 ms. Found 1 JPA repository interfaces.
2024-11-12_22-29-58 [restartedMain] INFO  o.s.cloud.context.scope.GenericScope - BeanFactory id=b6ec0f09-868a-3b39-8b39-db24684a6ae7
2024-11-12_22-29-58 [restartedMain] INFO  o.s.b.w.e.tomcat.TomcatWebServer - Tomcat initialized with port(s): 8400 (http)
2024-11-12_22-29-58 [restartedMain] INFO  o.a.coyote.http11.Http11NioProtocol - Initializing ProtocolHandler ["http-nio-8400"]
2024-11-12_22-29-58 [restartedMain] INFO  o.a.catalina.core.StandardService - Starting service [Tomcat]
2024-11-12_22-29-58 [restartedMain] INFO  o.a.catalina.core.StandardEngine - Starting Servlet engine: [Apache Tomcat/9.0.41]
2024-11-12_22-29-58 [restartedMain] INFO  o.a.c.c.C.[.[localhost].[/auth] - Initializing Spring embedded WebApplicationContext
2024-11-12_22-29-58 [restartedMain] INFO  o.s.b.w.s.c.ServletWebServerApplicationContext - Root WebApplicationContext: initialization completed in 2543 ms
2024-11-12_22-29-58 [restartedMain] INFO  com.zaxxer.hikari.HikariDataSource - HikariPool-1 - Starting...
2024-11-12_22-29-58 [restartedMain] INFO  com.zaxxer.hikari.HikariDataSource - HikariPool-1 - Start completed.
2024-11-12_22-29-58 [restartedMain] INFO  o.s.b.a.h.H2ConsoleAutoConfiguration - H2 console available at '/h2-console'. Database available at 'jdbc:h2:mem:testdb'
2024-11-12_22-29-58 [restartedMain] INFO  o.h.jpa.internal.util.LogHelper - HHH000204: Processing PersistenceUnitInfo [name: default]
2024-11-12_22-29-58 [restartedMain] INFO  org.hibernate.Version - HHH000412: Hibernate ORM core version 5.4.27.Final
2024-11-12_22-29-58 [restartedMain] INFO  o.h.annotations.common.Version - HCANN000001: Hibernate Commons Annotations {5.1.2.Final}
2024-11-12_22-29-58 [restartedMain] INFO  org.hibernate.dialect.Dialect - HHH000400: Using dialect: org.hibernate.dialect.H2Dialect
2024-11-12_22-29-58 [restartedMain] INFO  o.h.e.t.j.p.i.JtaPlatformInitiator - HHH000490: Using JtaPlatform implementation: [org.hibernate.engine.transaction.jta.platform.internal.NoJtaPlatform]
2024-11-12_22-29-58 [restartedMain] INFO  o.s.o.j.LocalContainerEntityManagerFactoryBean - Initialized JPA EntityManagerFactory for persistence unit 'default'
2024-11-12_22-29-58 [restartedMain] INFO  o.s.b.d.a.OptionalLiveReloadServer - LiveReload server is running on port 35729
2024-11-12_22-29-58 [restartedMain] INFO  s.d.s.w.PropertySourcedRequestMappingHandlerMapping - Mapped URL path [/v2/api-docs] onto method [springfox.documentation.swagger2.web.Swagger2Controller#getDocumentation(String, HttpServletRequest)]
2024-11-12_22-29-58 [restartedMain] INFO  o.s.s.web.DefaultSecurityFilterChain - Will secure any request with [org.springframework.security.web.context.request.async.WebAsyncManagerIntegrationFilter@572a33, org.springframework.security.web.context.SecurityContextPersistenceFilter@62e00e, org.springframework.security.web.header.HeaderWriterFilter@11442af, org.springframework.security.web.authentication.logout.LogoutFilter@70d9a9, com.cts.authorization.config.JwtRequestFilter@56128c, org.springframework.security.web.savedrequest.RequestCacheAwareFilter@103d3cc, org.springframework.security.web.servletapi.SecurityContextHolderAwareRequestFilter@1e53757, org.springframework.security.web.authentication.AnonymousAuthenticationFilter@1bbdb8d, org.springframework.security.web.session.SessionManagementFilter@fef90, org.springframework.security.web.access.ExceptionTranslationFilter@155b6a8, org.springframework.security.web.access.intercept.FilterSecurityInterceptor@1fd547]
2024-11-12_22-29-58 [restartedMain] INFO  o.s.s.c.ThreadPoolTaskExecutor - Initializing ExecutorService 'applicationTaskExecutor'
2024-11-12_22-29-58 [restartedMain] INFO  o.a.coyote.http11.Http11NioProtocol - Starting ProtocolHandler ["http-nio-8400"]
2024-11-12_22-29-58 [restartedMain] INFO  o.s.b.w.e.tomcat.TomcatWebServer - Tomcat started on port(s): 8400 (http) with context path '/auth'
2024-11-12_22-29-58 [restartedMain] INFO  s.d.s.w.p.DocumentationPluginsBootstrapper - Context refreshed
2024-11-12_22-29-58 [restartedMain] INFO  s.d.s.w.p.DocumentationPluginsBootstrapper - Found 1 custom documentation plugin(s)
2024-11-12_22-29-58 [restartedMain] INFO  s.d.s.w.s.ApiListingReferenceScanner - Scanning for api listing references
2024-11-12_22-29-58 [restartedMain] INFO  c.c.a.AuthorizationMicroserviceApplication - Started AuthorizationMicroserviceApplication in 7.017 seconds (JVM running for 8.005)
2024-11-12_22-29-58 [http-nio-8400-exec-1] INFO  o.a.c.c.C.[.[localhost].[/auth] - Initializing Spring DispatcherServlet 'dispatcherServlet'
2024-11-12_22-29-58 [http-nio-8400-exec-1] INFO  o.s.web.servlet.DispatcherServlet - Initializing Servlet 'dispatcherServlet'
2024-11-12_22-29-58 [http-nio-8400-exec-1] INFO  o.s.web.servlet.DispatcherServlet - Completed initialization in 34 ms
